==32703== Memcheck, a memory error detector
==32703== Copyright (C) 2002-2015, and GNU GPL'd, by Julian Seward et al.
==32703== Using Valgrind-3.12.0.SVN and LibVEX; rerun with -h for copyright info
==32703== Command: ./project numbers.txt
==32703== Parent PID: 32702
==32703== 
==32703== 
==32703== HEAP SUMMARY:
==32703==     in use at exit: 40 bytes in 1 blocks
==32703==   total heap usage: 9 allocs, 8 frees, 82,592 bytes allocated
==32703== 
==32703== 40 bytes in 1 blocks are definitely lost in loss record 1 of 1
==32703==    at 0x4C2C93F: operator new[](unsigned long) (vg_replace_malloc.c:423)
==32703==    by 0x108F03: main (in /home/d/assignment-a1-dxsh/project)
==32703== 
==32703== LEAK SUMMARY:
==32703==    definitely lost: 40 bytes in 1 blocks
==32703==    indirectly lost: 0 bytes in 0 blocks
==32703==      possibly lost: 0 bytes in 0 blocks
==32703==    still reachable: 0 bytes in 0 blocks
==32703==         suppressed: 0 bytes in 0 blocks
==32703== 
==32703== For counts of detected and suppressed errors, rerun with: -v
==32703== ERROR SUMMARY: 1 errors from 1 contexts (suppressed: 0 from 0)
